<?xml version="1.0" encoding="UTF-8"?>
<!-- Generated by org.testng.reporters.JUnitReportReporter -->
<testsuite skipped="0" hostname="FINDHYDAG727322" name="com.pack.common.tests.DashboardPageTest" tests="7" failures="0" timestamp="08 Aug 2017 09:21:42 GMT" time="92.802" errors="0">
  <testcase name="setUp" time="30.768" classname="com.pack.common.tests.DashboardPageTest"/>
  <testcase name="validateRunningChillerCount" time="10.311" classname="com.pack.common.tests.DashboardPageTest"/>
  <testcase name="validateAlarmsandAlertChillerCount" time="13.674" classname="com.pack.common.tests.DashboardPageTest"/>
  <testcase name="validateNotRunningChillerCount" time="8.561" classname="com.pack.common.tests.DashboardPageTest"/>
  <testcase name="validateOfflineChillerCount" time="8.587" classname="com.pack.common.tests.DashboardPageTest"/>
  <testcase name="validateDeviceLocationSearchFunctionality" time="5.513" classname="com.pack.common.tests.DashboardPageTest"/>
  <testcase name="validateSortingFunctionality" time="15.388" classname="com.pack.common.tests.DashboardPageTest"/>
</testsuite> <!-- com.pack.common.tests.DashboardPageTest -->
