<?xml version="1.0" encoding="UTF-8"?>
<!-- Generated by org.testng.reporters.JUnitReportReporter -->
<testsuite skipped="0" hostname="FINDHYDAG727322" name="com.pack.common.tests.SignInPageTest" tests="1" failures="0" timestamp="20 Jul 2017 10:38:23 GMT" time="30.261" errors="0">
  <testcase name="verifySignInFunction" time="30.261" classname="com.pack.common.tests.SignInPageTest"/>
</testsuite> <!-- com.pack.common.tests.SignInPageTest -->
