<?xml version="1.0" encoding="UTF-8"?>
<!-- Generated by org.testng.reporters.JUnitReportReporter -->
<testsuite skipped="0" hostname="FINDHYDAG727322" name="com.pack.common.tests.AdminFunctionTest" tests="4" failures="0" timestamp="08 Aug 2017 09:21:42 GMT" time="187.765" errors="0">
  <testcase name="setUp" time="30.581" classname="com.pack.common.tests.AdminFunctionTest"/>
  <testcase name="addNewCustomer" time="24.593" classname="com.pack.common.tests.AdminFunctionTest"/>
  <testcase name="chillerRegistrationNewCustomer" time="50.937" classname="com.pack.common.tests.AdminFunctionTest"/>
  <testcase name="tenantVerification" time="81.654" classname="com.pack.common.tests.AdminFunctionTest"/>
</testsuite> <!-- com.pack.common.tests.AdminFunctionTest -->
