<?xml version="1.0" encoding="UTF-8"?>
<!-- Generated by org.testng.reporters.JUnitReportReporter -->
<testsuite skipped="0" hostname="FINDHYDAG727322" name="com.pack.common.tests.DeviceDetailsTest" tests="3" failures="0" timestamp="08 Aug 2017 09:21:42 GMT" time="41.353" errors="0">
  <testcase name="setUp" time="30.510" classname="com.pack.common.tests.DeviceDetailsTest"/>
  <testcase name="validateDeviceDetailsPage" time="7.425" classname="com.pack.common.tests.DeviceDetailsTest"/>
  <testcase name="verifyWeatherForecast" time="3.418" classname="com.pack.common.tests.DeviceDetailsTest"/>
</testsuite> <!-- com.pack.common.tests.DeviceDetailsTest -->
